[01m[K/root/real_ws/src/armquadrover_gnb/armquadrover/src/SerialNode.cpp:[m[K In member function â€˜[01m[Kvoid SerialNode::leftSuccessCallback(std_msgs::msg::Bool_<std::allocator<void> >::SharedPtr)[m[Kâ€™:
[01m[K/root/real_ws/src/armquadrover_gnb/armquadrover/src/SerialNode.cpp:95:9:[m[K [01;31m[Kerror: [m[Kâ€˜[01m[Knew_value[m[Kâ€™ was not declared in this scope; did you mean â€˜[01m[Ksi_value[m[Kâ€™?
   95 |         [01;31m[Knew_value[m[K = 2.6;
      |         [01;31m[K^~~~~~~~~[m[K
      |         [32m[Ksi_value[m[K
[01m[K/root/real_ws/src/armquadrover_gnb/armquadrover/src/SerialNode.cpp:[m[K In member function â€˜[01m[Kvoid SerialNode::rightSuccessCallback(std_msgs::msg::Bool_<std::allocator<void> >::SharedPtr)[m[Kâ€™:
[01m[K/root/real_ws/src/armquadrover_gnb/armquadrover/src/SerialNode.cpp:102:9:[m[K [01;31m[Kerror: [m[Kâ€˜[01m[Knew_value[m[Kâ€™ was not declared in this scope; did you mean â€˜[01m[Ksi_value[m[Kâ€™?
  102 |         [01;31m[Knew_value[m[K = 2.6;
      |         [01;31m[K^~~~~~~~~[m[K
      |         [32m[Ksi_value[m[K
gmake[2]: *** [CMakeFiles/SerialNode.dir/build.make:76: CMakeFiles/SerialNode.dir/src/SerialNode.cpp.o] Error 1
gmake[1]: *** [CMakeFiles/Makefile2:193: CMakeFiles/SerialNode.dir/all] Error 2
gmake: *** [Makefile:146: all] Error 2
