[ 25%] Built target node_01
[35m[1mConsolidate compiler generated dependencies of target SerialNode[0m
[ 37%] [32mBuilding CXX object CMakeFiles/SerialNode.dir/src/SerialNode.cpp.o[0m
[01m[K/root/real_ws/src/armquadrover_gnb/armquadrover/src/SerialNode.cpp:92:51:[m[K [01;31m[Kerror: [m[Kâ€˜[01m[KBool[m[Kâ€™ in namespace â€˜[01m[Kstd_msgs::msg[m[Kâ€™ does not name a type
   92 |     void leftSuccessCallback(const std_msgs::msg::[01;31m[KBool[m[K::SharedPtr msg) {
      |                                                   [01;31m[K^~~~[m[K
[01m[K/root/real_ws/src/armquadrover_gnb/armquadrover/src/SerialNode.cpp:92:67:[m[K [01;31m[Kerror: [m[Kexpected unqualified-id before â€˜[01m[Kmsg[m[Kâ€™
   92 |     void leftSuccessCallback(const std_msgs::msg::Bool::SharedPtr [01;31m[Kmsg[m[K) {
      |                                                                   [01;31m[K^~~[m[K
[01m[K/root/real_ws/src/armquadrover_gnb/armquadrover/src/SerialNode.cpp:92:66:[m[K [01;31m[Kerror: [m[Kexpected â€˜[01m[K)[m[Kâ€™ before â€˜[01m[Kmsg[m[Kâ€™
   92 |     void leftSuccessCallback[34m[K([m[Kconst std_msgs::msg::Bool::SharedPtr[01;31m[K [m[K[32m[Kmsg[m[K) {
      |                             [34m[K~[m[K                                    [01;31m[K^[m[K[32m[K~~~[m[K
      |                                                                  [32m[K)[m[K
[01m[K/root/real_ws/src/armquadrover_gnb/armquadrover/src/SerialNode.cpp:92:57:[m[K [01;31m[Kerror: [m[Kexpected â€˜[01m[K;[m[Kâ€™ at end of member declaration
   92 |     void leftSuccessCallback(const std_msgs::msg::Bool::[01;31m[KSharedPtr[m[K msg) {
      |                                                         [01;31m[K^~~~~~~~~[m[K
      |                                                                  [32m[K;[m[K
[01m[K/root/real_ws/src/armquadrover_gnb/armquadrover/src/SerialNode.cpp:92:67:[m[K [01;31m[Kerror: [m[Kâ€˜[01m[Kmsg[m[Kâ€™ does not name a type
   92 |     void leftSuccessCallback(const std_msgs::msg::Bool::SharedPtr [01;31m[Kmsg[m[K) {
      |                                                                   [01;31m[K^~~[m[K
[01m[K/root/real_ws/src/armquadrover_gnb/armquadrover/src/SerialNode.cpp:96:52:[m[K [01;31m[Kerror: [m[Kâ€˜[01m[KBool[m[Kâ€™ in namespace â€˜[01m[Kstd_msgs::msg[m[Kâ€™ does not name a type
   96 |     void rightSuccessCallback(const std_msgs::msg::[01;31m[KBool[m[K::SharedPtr msg) {
      |                                                    [01;31m[K^~~~[m[K
[01m[K/root/real_ws/src/armquadrover_gnb/armquadrover/src/SerialNode.cpp:96:68:[m[K [01;31m[Kerror: [m[Kexpected unqualified-id before â€˜[01m[Kmsg[m[Kâ€™
   96 |     void rightSuccessCallback(const std_msgs::msg::Bool::SharedPtr [01;31m[Kmsg[m[K) {
      |                                                                    [01;31m[K^~~[m[K
[01m[K/root/real_ws/src/armquadrover_gnb/armquadrover/src/SerialNode.cpp:96:67:[m[K [01;31m[Kerror: [m[Kexpected â€˜[01m[K)[m[Kâ€™ before â€˜[01m[Kmsg[m[Kâ€™
   96 |     void rightSuccessCallback[34m[K([m[Kconst std_msgs::msg::Bool::SharedPtr[01;31m[K [m[K[32m[Kmsg[m[K) {
      |                              [34m[K~[m[K                                    [01;31m[K^[m[K[32m[K~~~[m[K
      |                                                                   [32m[K)[m[K
[01m[K/root/real_ws/src/armquadrover_gnb/armquadrover/src/SerialNode.cpp:96:58:[m[K [01;31m[Kerror: [m[Kexpected â€˜[01m[K;[m[Kâ€™ at end of member declaration
   96 |     void rightSuccessCallback(const std_msgs::msg::Bool::[01;31m[KSharedPtr[m[K msg) {
      |                                                          [01;31m[K^~~~~~~~~[m[K
      |                                                                   [32m[K;[m[K
[01m[K/root/real_ws/src/armquadrover_gnb/armquadrover/src/SerialNode.cpp:96:68:[m[K [01;31m[Kerror: [m[Kâ€˜[01m[Kmsg[m[Kâ€™ does not name a type
   96 |     void rightSuccessCallback(const std_msgs::msg::Bool::SharedPtr [01;31m[Kmsg[m[K) {
      |                                                                    [01;31m[K^~~[m[K
[01m[K/root/real_ws/src/armquadrover_gnb/armquadrover/src/SerialNode.cpp:[m[K In constructor â€˜[01m[KSerialNode::SerialNode()[m[Kâ€™:
[01m[K/root/real_ws/src/armquadrover_gnb/armquadrover/src/SerialNode.cpp:39:9:[m[K [01;31m[Kerror: [m[Kâ€˜[01m[Ksuccess_left_subscription_[m[Kâ€™ was not declared in this scope
   39 |         [01;31m[Ksuccess_left_subscription_[m[K = this->create_subscription<std_msgs::msg::Bool>("/moveit_success_left", 10, std::bind(&SerialNode::leftSuccessCallback, this, std::placeholders::_1));
      |         [01;31m[K^~~~~~~~~~~~~~~~~~~~~~~~~~[m[K
[01m[K/root/real_ws/src/armquadrover_gnb/armquadrover/src/SerialNode.cpp:39:79:[m[K [01;31m[Kerror: [m[Kâ€˜[01m[KBool[m[Kâ€™ is not a member of â€˜[01m[Kstd_msgs::msg[m[Kâ€™
   39 |         success_left_subscription_ = this->create_subscription<std_msgs::msg::[01;31m[KBool[m[K>("/moveit_success_left", 10, std::bind(&SerialNode::leftSuccessCallback, this, std::placeholders::_1));
      |                                                                               [01;31m[K^~~~[m[K
[01m[K/root/real_ws/src/armquadrover_gnb/armquadrover/src/SerialNode.cpp:39:84:[m[K [01;31m[Kerror: [m[Kno matching function for call to â€˜[01m[KSerialNode::create_subscription<<expression error> >(const char [21], int, std::_Bind_helper<false, void (SerialNode::*)(...), SerialNode*, const std::_Placeholder<1>&>::type)[m[Kâ€™
   39 |         success_left_subscription_ = [01;31m[Kthis->create_subscription<std_msgs::msg::Bool>("/moveit_success_left", 10, std::bind(&SerialNode::leftSuccessCallback, this, std::placeholders::_1))[m[K;
      |                                      [01;31m[K~~~~~~~~~~~~~~~~~~~~~~~~~~~~~~~~~~~~~~~~~~~~~~^~~~~~~~~~~~~~~~~~~~~~~~~~~~~~~~~~~~~~~~~~~~~~~~~~~~~~~~~~~~~~~~~~~~~~~~~~~~~~~~~~~~~~~~~~~~~~~~~~~~~~[m[K
In file included from [01m[K/opt/ros/humble/include/rclcpp/rclcpp/node.hpp:1321[m[K,
                 from [01m[K/opt/ros/humble/include/rclcpp/rclcpp/executors/single_threaded_executor.hpp:28[m[K,
                 from [01m[K/opt/ros/humble/include/rclcpp/rclcpp/executors.hpp:22[m[K,
                 from [01m[K/opt/ros/humble/include/rclcpp/rclcpp/rclcpp.hpp:155[m[K,
                 from [01m[K/root/real_ws/src/armquadrover_gnb/armquadrover/src/SerialNode.cpp:1[m[K:
[01m[K/opt/ros/humble/include/rclcpp/rclcpp/node_impl.hpp:92:1:[m[K [01;36m[Knote: [m[Kcandidate: â€˜[01m[Ktemplate<class MessageT, class CallbackT, class AllocatorT, class SubscriptionT, class MessageMemoryStrategyT> std::shared_ptr<ROSMessageT> rclcpp::Node::create_subscription(const string&, const rclcpp::QoS&, CallbackT&&, const rclcpp::SubscriptionOptionsWithAllocator<AllocatorT>&, typename MessageMemoryStrategyT::SharedPtr)[m[Kâ€™
   92 | [01;36m[KNode[m[K::create_subscription(
      | [01;36m[K^~~~[m[K
[01m[K/opt/ros/humble/include/rclcpp/rclcpp/node_impl.hpp:92:1:[m[K [01;36m[Knote: [m[K  template argument deduction/substitution failed:
[01m[K/root/real_ws/src/armquadrover_gnb/armquadrover/src/SerialNode.cpp:39:84:[m[K [01;31m[Kerror: [m[Ktemplate argument 1 is invalid
   39 |         success_left_subscription_ = [01;31m[Kthis->create_subscription<std_msgs::msg::Bool>("/moveit_success_left", 10, std::bind(&SerialNode::leftSuccessCallback, this, std::placeholders::_1))[m[K;
      |                                      [01;31m[K~~~~~~~~~~~~~~~~~~~~~~~~~~~~~~~~~~~~~~~~~~~~~~^~~~~~~~~~~~~~~~~~~~~~~~~~~~~~~~~~~~~~~~~~~~~~~~~~~~~~~~~~~~~~~~~~~~~~~~~~~~~~~~~~~~~~~~~~~~~~~~~~~~~~[m[K
[01m[K/root/real_ws/src/armquadrover_gnb/armquadrover/src/SerialNode.cpp:41:9:[m[K [01;31m[Kerror: [m[Kâ€˜[01m[Ksuccess_right_subscription_[m[Kâ€™ was not declared in this scope
   41 |         [01;31m[Ksuccess_right_subscription_[m[K = this->create_subscription<std_msgs::msg::Bool>("/moveit_success_right", 10, std::bind(&SerialNode::rightSuccessCallback, this, std::placeholders::_1));
      |         [01;31m[K^~~~~~~~~~~~~~~~~~~~~~~~~~~[m[K
[01m[K/root/real_ws/src/armquadrover_gnb/armquadrover/src/SerialNode.cpp:41:80:[m[K [01;31m[Kerror: [m[Kâ€˜[01m[KBool[m[Kâ€™ is not a member of â€˜[01m[Kstd_msgs::msg[m[Kâ€™
   41 |         success_right_subscription_ = this->create_subscription<std_msgs::msg::[01;31m[KBool[m[K>("/moveit_success_right", 10, std::bind(&SerialNode::rightSuccessCallback, this, std::placeholders::_1));
      |                                                                                [01;31m[K^~~~[m[K
[01m[K/root/real_ws/src/armquadrover_gnb/armquadrover/src/SerialNode.cpp:41:85:[m[K [01;31m[Kerror: [m[Kno matching function for call to â€˜[01m[KSerialNode::create_subscription<<expression error> >(const char [22], int, std::_Bind_helper<false, void (SerialNode::*)(...), SerialNode*, const std::_Placeholder<1>&>::type)[m[Kâ€™
   41 |         success_right_subscription_ = [01;31m[Kthis->create_subscription<std_msgs::msg::Bool>("/moveit_success_right", 10, std::bind(&SerialNode::rightSuccessCallback, this, std::placeholders::_1))[m[K;
      |                                       [01;31m[K~~~~~~~~~~~~~~~~~~~~~~~~~~~~~~~~~~~~~~~~~~~~~~^~~~~~~~~~~~~~~~~~~~~~~~~~~~~~~~~~~~~~~~~~~~~~~~~~~~~~~~~~~~~~~~~~~~~~~~~~~~~~~~~~~~~~~~~~~~~~~~~~~~~~~~[m[K
In file included from [01m[K/opt/ros/humble/include/rclcpp/rclcpp/node.hpp:1321[m[K,
                 from [01m[K/opt/ros/humble/include/rclcpp/rclcpp/executors/single_threaded_executor.hpp:28[m[K,
                 from [01m[K/opt/ros/humble/include/rclcpp/rclcpp/executors.hpp:22[m[K,
                 from [01m[K/opt/ros/humble/include/rclcpp/rclcpp/rclcpp.hpp:155[m[K,
                 from [01m[K/root/real_ws/src/armquadrover_gnb/armquadrover/src/SerialNode.cpp:1[m[K:
[01m[K/opt/ros/humble/include/rclcpp/rclcpp/node_impl.hpp:92:1:[m[K [01;36m[Knote: [m[Kcandidate: â€˜[01m[Ktemplate<class MessageT, class CallbackT, class AllocatorT, class SubscriptionT, class MessageMemoryStrategyT> std::shared_ptr<ROSMessageT> rclcpp::Node::create_subscription(const string&, const rclcpp::QoS&, CallbackT&&, const rclcpp::SubscriptionOptionsWithAllocator<AllocatorT>&, typename MessageMemoryStrategyT::SharedPtr)[m[Kâ€™
   92 | [01;36m[KNode[m[K::create_subscription(
      | [01;36m[K^~~~[m[K
[01m[K/opt/ros/humble/include/rclcpp/rclcpp/node_impl.hpp:92:1:[m[K [01;36m[Knote: [m[K  template argument deduction/substitution failed:
[01m[K/root/real_ws/src/armquadrover_gnb/armquadrover/src/SerialNode.cpp:41:85:[m[K [01;31m[Kerror: [m[Ktemplate argument 1 is invalid
   41 |         success_right_subscription_ = [01;31m[Kthis->create_subscription<std_msgs::msg::Bool>("/moveit_success_right", 10, std::bind(&SerialNode::rightSuccessCallback, this, std::placeholders::_1))[m[K;
      |                                       [01;31m[K~~~~~~~~~~~~~~~~~~~~~~~~~~~~~~~~~~~~~~~~~~~~~~^~~~~~~~~~~~~~~~~~~~~~~~~~~~~~~~~~~~~~~~~~~~~~~~~~~~~~~~~~~~~~~~~~~~~~~~~~~~~~~~~~~~~~~~~~~~~~~~~~~~~~~~[m[K
gmake[2]: *** [CMakeFiles/SerialNode.dir/build.make:76: CMakeFiles/SerialNode.dir/src/SerialNode.cpp.o] Error 1
gmake[1]: *** [CMakeFiles/Makefile2:193: CMakeFiles/SerialNode.dir/all] Error 2
gmake: *** [Makefile:146: all] Error 2
